<?xml version="1.0" encoding="UTF-8"?>
<!-- Generated by org.testng.reporters.JUnitReportReporter -->
<testsuite hostname="LAPTOP-1DVQM3GP" failures="0" tests="1" name="testcases.NegativeScenarios" time="2.762" errors="0" timestamp="2024-04-11T20:22:08 IST" skipped="0">
  <testcase classname="testcases.NegativeScenarios" name="myTest" time="2.762"/>
</testsuite> <!-- testcases.NegativeScenarios -->
