<?xml version="1.0" encoding="UTF-8"?>
<!-- Generated by org.testng.reporters.JUnitReportReporter -->
<testsuite hostname="LAPTOP-1DVQM3GP" failures="0" tests="2" name="testcases.Scenarios" time="21.695" errors="0" timestamp="2024-04-12T00:24:01 IST" skipped="0">
  <testcase classname="testcases.Scenarios" name="LoginFlow" time="9.885"/>
  <testcase classname="testcases.Scenarios" name="additional_Case" time="11.810"/>
</testsuite> <!-- testcases.Scenarios -->
