<?xml version="1.0" encoding="UTF-8"?>
<!-- Generated by org.testng.reporters.JUnitReportReporter -->
<testsuite hostname="LAPTOP-1DVQM3GP" failures="0" tests="6" name="testcases.Scenarios" time="59.438" errors="0" timestamp="2024-04-11T19:03:34 IST" skipped="0">
  <testcase classname="testcases.Scenarios" name="LoginFlow" time="8.578"/>
  <testcase classname="testcases.Scenarios" name="productListingVerification" time="8.611"/>
  <testcase classname="testcases.Scenarios" name="sortingCheck" time="14.314"/>
  <testcase classname="testcases.Scenarios" name="addingToCart" time="9.995"/>
  <testcase classname="testcases.Scenarios" name="checkOut" time="8.704"/>
  <testcase classname="testcases.Scenarios" name="additional_Case" time="9.236"/>
</testsuite> <!-- testcases.Scenarios -->
