<?xml version="1.0" encoding="UTF-8"?>
<!-- Generated by org.testng.reporters.JUnitReportReporter -->
<testsuite hostname="LAPTOP-1DVQM3GP" failures="0" tests="2" name="testcases.Scenarios" time="20.327" errors="0" timestamp="2024-04-11T22:32:24 IST" skipped="0">
  <testcase classname="testcases.Scenarios" name="LoginFlow" time="10.109"/>
  <testcase classname="testcases.Scenarios" name="additional_Case" time="10.218"/>
</testsuite> <!-- testcases.Scenarios -->
